<?xml version="1.0" encoding="UTF-8"?>
<testsuite name="com.example.flights.api.controller.FlightControllerTest" tests="6" skipped="0" failures="0" errors="0" timestamp="2022-01-12T02:17:11" hostname="hlazkyau-ntb.wifi.nat" time="0.283">
  <properties/>
  <testcase name="deleteFlight()" classname="com.example.flights.api.controller.FlightControllerTest" time="0.104"/>
  <testcase name="addFlight()" classname="com.example.flights.api.controller.FlightControllerTest" time="0.078"/>
  <testcase name="getAllFligths()" classname="com.example.flights.api.controller.FlightControllerTest" time="0.054"/>
  <testcase name="getFlight()" classname="com.example.flights.api.controller.FlightControllerTest" time="0.017"/>
  <testcase name="registerUserToFlight()" classname="com.example.flights.api.controller.FlightControllerTest" time="0.01"/>
  <testcase name="updateFlightInformation()" classname="com.example.flights.api.controller.FlightControllerTest" time="0.009"/>
  <system-out><![CDATA[03:17:09.187 [Test worker] DEBUG org.springframework.test.context.BootstrapUtils - Instantiating CacheAwareContextLoaderDelegate from class [org.springframework.test.context.cache.DefaultCacheAwareContextLoaderDelegate]
03:17:09.203 [Test worker] DEBUG org.springframework.test.context.BootstrapUtils - Instantiating BootstrapContext using constructor [public org.springframework.test.context.support.DefaultBootstrapContext(java.lang.Class,org.springframework.test.context.CacheAwareContextLoaderDelegate)]
03:17:09.270 [Test worker] DEBUG org.springframework.test.context.BootstrapUtils - Instantiating TestContextBootstrapper for test class [com.example.flights.api.controller.FlightControllerTest] from class [org.springframework.boot.test.context.SpringBootTestContextBootstrapper]
03:17:09.288 [Test worker] INFO org.springframework.boot.test.context.SpringBootTestContextBootstrapper - Neither @ContextConfiguration nor @ContextHierarchy found for test class [com.example.flights.api.controller.FlightControllerTest], using SpringBootContextLoader
03:17:09.295 [Test worker] DEBUG org.springframework.test.context.support.AbstractContextLoader - Did not detect default resource location for test class [com.example.flights.api.controller.FlightControllerTest]: class path resource [com/example/flights/api/controller/FlightControllerTest-context.xml] does not exist
03:17:09.297 [Test worker] DEBUG org.springframework.test.context.support.AbstractContextLoader - Did not detect default resource location for test class [com.example.flights.api.controller.FlightControllerTest]: class path resource [com/example/flights/api/controller/FlightControllerTestContext.groovy] does not exist
03:17:09.297 [Test worker] INFO org.springframework.test.context.support.AbstractContextLoader - Could not detect default resource locations for test class [com.example.flights.api.controller.FlightControllerTest]: no resource found for suffixes {-context.xml, Context.groovy}.
03:17:09.384 [Test worker] DEBUG org.springframework.test.context.support.ActiveProfilesUtils - Could not find an 'annotation declaring class' for annotation type [org.springframework.test.context.ActiveProfiles] and class [com.example.flights.api.controller.FlightControllerTest]
03:17:09.522 [Test worker] DEBUG org.springframework.boot.test.context.SpringBootTestContextBootstrapper - @TestExecutionListeners is not present for class [com.example.flights.api.controller.FlightControllerTest]: using defaults.
03:17:09.523 [Test worker] INFO org.springframework.boot.test.context.SpringBootTestContextBootstrapper - Loaded default TestExecutionListener class names from location [META-INF/spring.factories]: [org.springframework.boot.test.autoconfigure.restdocs.RestDocsTestExecutionListener, org.springframework.boot.test.autoconfigure.web.client.MockRestServiceServerResetTestExecutionListener, org.springframework.boot.test.autoconfigure.web.servlet.MockMvcPrintOnlyOnFailureTestExecutionListener, org.springframework.boot.test.autoconfigure.web.servlet.WebDriverTestExecutionListener, org.springframework.boot.test.autoconfigure.webservices.client.MockWebServiceServerTestExecutionListener, org.springframework.boot.test.mock.mockito.MockitoTestExecutionListener, org.springframework.boot.test.mock.mockito.ResetMocksTestExecutionListener, org.springframework.test.context.web.ServletTestExecutionListener, org.springframework.test.context.support.DirtiesContextBeforeModesTestExecutionListener, org.springframework.test.context.event.ApplicationEventsTestExecutionListener, org.springframework.test.context.support.DependencyInjectionTestExecutionListener, org.springframework.test.context.support.DirtiesContextTestExecutionListener, org.springframework.test.context.transaction.TransactionalTestExecutionListener, org.springframework.test.context.jdbc.SqlScriptsTestExecutionListener, org.springframework.test.context.event.EventPublishingTestExecutionListener]
03:17:09.541 [Test worker] INFO org.springframework.boot.test.context.SpringBootTestContextBootstrapper - Using TestExecutionListeners: [org.springframework.test.context.web.ServletTestExecutionListener@5f031ebd, org.springframework.test.context.support.DirtiesContextBeforeModesTestExecutionListener@4ee37ca3, org.springframework.test.context.event.ApplicationEventsTestExecutionListener@45c8d09f, org.springframework.boot.test.mock.mockito.MockitoTestExecutionListener@53812a9b, org.springframework.boot.test.autoconfigure.SpringBootDependencyInjectionTestExecutionListener@14b030a0, org.springframework.test.context.support.DirtiesContextTestExecutionListener@41e350f1, org.springframework.test.context.transaction.TransactionalTestExecutionListener@422c3c7a, org.springframework.test.context.jdbc.SqlScriptsTestExecutionListener@18230356, org.springframework.test.context.event.EventPublishingTestExecutionListener@d8305c2, org.springframework.boot.test.autoconfigure.restdocs.RestDocsTestExecutionListener@56bca85b, org.springframework.boot.test.autoconfigure.web.client.MockRestServiceServerResetTestExecutionListener@75d0911a, org.springframework.boot.test.autoconfigure.web.servlet.MockMvcPrintOnlyOnFailureTestExecutionListener@75e91545, org.springframework.boot.test.autoconfigure.web.servlet.WebDriverTestExecutionListener@60d1a32f, org.springframework.boot.test.autoconfigure.webservices.client.MockWebServiceServerTestExecutionListener@531c311e, org.springframework.boot.test.mock.mockito.ResetMocksTestExecutionListener@22b53226]
03:17:09.545 [Test worker] DEBUG org.springframework.test.context.support.AbstractDirtiesContextTestExecutionListener - Before test class: context [DefaultTestContext@4fbda97b testClass = FlightControllerTest, testInstance = [null], testMethod = [null], testException = [null], mergedContextConfiguration = [WebMergedContextConfiguration@75f5fd58 testClass = FlightControllerTest, locations = '{}', classes = '{class com.example.flights.api.controller.FlightController}', contextInitializerClasses = '[]', activeProfiles = '{}', propertySourceLocations = '{}', propertySourceProperties = '{org.springframework.boot.test.context.SpringBootTestContextBootstrapper=true}', contextCustomizers = set[org.springframework.boot.test.autoconfigure.actuate.metrics.MetricsExportContextCustomizerFactory$DisableMetricExportContextCustomizer@73cd37c0, org.springframework.boot.test.autoconfigure.properties.PropertyMappingContextCustomizer@4b3fa0b3, org.springframework.boot.test.autoconfigure.web.servlet.WebDriverContextCustomizerFactory$Customizer@265adfad, [ImportsContextCustomizer@37b70343 key = [org.springframework.boot.test.autoconfigure.web.servlet.MockMvcAutoConfiguration, org.springframework.boot.test.autoconfigure.web.servlet.MockMvcWebClientAutoConfiguration, org.springframework.boot.test.autoconfigure.web.servlet.MockMvcWebDriverAutoConfiguration, org.springframework.boot.autoconfigure.security.oauth2.client.servlet.OAuth2ClientAutoConfiguration, org.springframework.boot.autoconfigure.security.oauth2.resource.servlet.OAuth2ResourceServerAutoConfiguration, org.springframework.boot.autoconfigure.security.servlet.SecurityAutoConfiguration, org.springframework.boot.autoconfigure.security.servlet.SecurityFilterAutoConfiguration, org.springframework.boot.autoconfigure.security.servlet.UserDetailsServiceAutoConfiguration, org.springframework.boot.test.autoconfigure.web.servlet.MockMvcSecurityConfiguration]], org.springframework.boot.test.context.filter.ExcludeFilterContextCustomizer@38aa816f, org.springframework.boot.test.json.DuplicateJsonObjectContextCustomizerFactory$DuplicateJsonObjectContextCustomizer@1b84f475, org.springframework.boot.test.mock.mockito.MockitoContextCustomizer@4145e96c, org.springframework.boot.test.web.client.TestRestTemplateContextCustomizer@1f010bf0, org.springframework.boot.test.context.SpringBootTestArgs@1, org.springframework.boot.test.context.SpringBootTestWebEnvironment@37883b97], resourceBasePath = 'src/main/webapp', contextLoader = 'org.springframework.boot.test.context.SpringBootContextLoader', parent = [null]], attributes = map['org.springframework.test.context.web.ServletTestExecutionListener.activateListener' -> true]], class annotated with @DirtiesContext [false] with mode [null].
03:17:09.584 [Test worker] DEBUG org.springframework.test.context.support.TestPropertySourceUtils - Adding inlined properties to environment: {spring.jmx.enabled=false, org.springframework.boot.test.context.SpringBootTestContextBootstrapper=true}

  .   ____          _            __ _ _
 /\\ / ___'_ __ _ _(_)_ __  __ _ \ \ \ \
( ( )\___ | '_ | '_| | '_ \/ _` | \ \ \ \
 \\/  ___)| |_)| | | | | || (_| |  ) ) ) )
  '  |____| .__|_| |_|_| |_\__, | / / / /
 =========|_|==============|___/=/_/_/_/
 :: Spring Boot ::                (v2.5.6)

2022-01-12 03:17:09.860  INFO 81803 --- [    Test worker] c.e.f.a.controller.FlightControllerTest  : Starting FlightControllerTest using Java 16.0.2 on hlazkyau-ntb.wifi.nat with PID 81803 (started by yauhenihlazkou in /Users/yauhenihlazkou/IdeaProjects/bi-tjv)
2022-01-12 03:17:09.863  INFO 81803 --- [    Test worker] c.e.f.a.controller.FlightControllerTest  : No active profile set, falling back to default profiles: default
2022-01-12 03:17:10.984  INFO 81803 --- [    Test worker] o.s.b.t.m.w.SpringBootMockServletContext : Initializing Spring TestDispatcherServlet ''
2022-01-12 03:17:10.984  INFO 81803 --- [    Test worker] o.s.t.web.servlet.TestDispatcherServlet  : Initializing Servlet ''
2022-01-12 03:17:10.986  INFO 81803 --- [    Test worker] o.s.t.web.servlet.TestDispatcherServlet  : Completed initialization in 2 ms
2022-01-12 03:17:11.026  INFO 81803 --- [    Test worker] c.e.f.a.controller.FlightControllerTest  : Started FlightControllerTest in 1.431 seconds (JVM running for 2.769)
]]></system-out>
  <system-err><![CDATA[]]></system-err>
</testsuite>
