<?xml version="1.0" encoding="UTF-8"?>
<testsuite name="com.example.flights.api.controller.UserControllerTest" tests="5" skipped="0" failures="0" errors="0" timestamp="2022-01-12T02:17:11" hostname="hlazkyau-ntb.wifi.nat" time="0.049">
  <properties/>
  <testcase name="registration()" classname="com.example.flights.api.controller.UserControllerTest" time="0.01"/>
  <testcase name="getUser()" classname="com.example.flights.api.controller.UserControllerTest" time="0.009"/>
  <testcase name="login()" classname="com.example.flights.api.controller.UserControllerTest" time="0.007"/>
  <testcase name="updateUserInformation()" classname="com.example.flights.api.controller.UserControllerTest" time="0.007"/>
  <testcase name="deleteUser()" classname="com.example.flights.api.controller.UserControllerTest" time="0.01"/>
  <system-out><![CDATA[2022-01-12 03:17:11.670  INFO 81803 --- [    Test worker] .b.t.c.SpringBootTestContextBootstrapper : Neither @ContextConfiguration nor @ContextHierarchy found for test class [com.example.flights.api.controller.UserControllerTest], using SpringBootContextLoader
2022-01-12 03:17:11.671  INFO 81803 --- [    Test worker] o.s.t.c.support.AbstractContextLoader    : Could not detect default resource locations for test class [com.example.flights.api.controller.UserControllerTest]: no resource found for suffixes {-context.xml, Context.groovy}.
2022-01-12 03:17:11.675  INFO 81803 --- [    Test worker] .b.t.c.SpringBootTestContextBootstrapper : Loaded default TestExecutionListener class names from location [META-INF/spring.factories]: [org.springframework.boot.test.autoconfigure.restdocs.RestDocsTestExecutionListener, org.springframework.boot.test.autoconfigure.web.client.MockRestServiceServerResetTestExecutionListener, org.springframework.boot.test.autoconfigure.web.servlet.MockMvcPrintOnlyOnFailureTestExecutionListener, org.springframework.boot.test.autoconfigure.web.servlet.WebDriverTestExecutionListener, org.springframework.boot.test.autoconfigure.webservices.client.MockWebServiceServerTestExecutionListener, org.springframework.boot.test.mock.mockito.MockitoTestExecutionListener, org.springframework.boot.test.mock.mockito.ResetMocksTestExecutionListener, org.springframework.test.context.web.ServletTestExecutionListener, org.springframework.test.context.support.DirtiesContextBeforeModesTestExecutionListener, org.springframework.test.context.event.ApplicationEventsTestExecutionListener, org.springframework.test.context.support.DependencyInjectionTestExecutionListener, org.springframework.test.context.support.DirtiesContextTestExecutionListener, org.springframework.test.context.transaction.TransactionalTestExecutionListener, org.springframework.test.context.jdbc.SqlScriptsTestExecutionListener, org.springframework.test.context.event.EventPublishingTestExecutionListener]
2022-01-12 03:17:11.676  INFO 81803 --- [    Test worker] .b.t.c.SpringBootTestContextBootstrapper : Using TestExecutionListeners: [org.springframework.test.context.web.ServletTestExecutionListener@1a2773a8, org.springframework.test.context.support.DirtiesContextBeforeModesTestExecutionListener@78b0ec3a, org.springframework.test.context.event.ApplicationEventsTestExecutionListener@46612bfc, org.springframework.boot.test.mock.mockito.MockitoTestExecutionListener@4f213a2, org.springframework.boot.test.autoconfigure.SpringBootDependencyInjectionTestExecutionListener@25699aa7, org.springframework.test.context.support.DirtiesContextTestExecutionListener@5a47730c, org.springframework.test.context.transaction.TransactionalTestExecutionListener@15369d73, org.springframework.test.context.jdbc.SqlScriptsTestExecutionListener@1cde374, org.springframework.test.context.event.EventPublishingTestExecutionListener@6818fd48, org.springframework.boot.test.autoconfigure.restdocs.RestDocsTestExecutionListener@9263c54, org.springframework.boot.test.autoconfigure.web.client.MockRestServiceServerResetTestExecutionListener@28daf506, org.springframework.boot.test.autoconfigure.web.servlet.MockMvcPrintOnlyOnFailureTestExecutionListener@4662752a, org.springframework.boot.test.autoconfigure.web.servlet.WebDriverTestExecutionListener@693f2213, org.springframework.boot.test.autoconfigure.webservices.client.MockWebServiceServerTestExecutionListener@514377fc, org.springframework.boot.test.mock.mockito.ResetMocksTestExecutionListener@2e4eda17]

  .   ____          _            __ _ _
 /\\ / ___'_ __ _ _(_)_ __  __ _ \ \ \ \
( ( )\___ | '_ | '_| | '_ \/ _` | \ \ \ \
 \\/  ___)| |_)| | | | | || (_| |  ) ) ) )
  '  |____| .__|_| |_|_| |_\__, | / / / /
 =========|_|==============|___/=/_/_/_/
 :: Spring Boot ::                (v2.5.6)

2022-01-12 03:17:11.704  INFO 81803 --- [    Test worker] c.e.f.api.controller.UserControllerTest  : Starting UserControllerTest using Java 16.0.2 on hlazkyau-ntb.wifi.nat with PID 81803 (started by yauhenihlazkou in /Users/yauhenihlazkou/IdeaProjects/bi-tjv)
2022-01-12 03:17:11.705  INFO 81803 --- [    Test worker] c.e.f.api.controller.UserControllerTest  : No active profile set, falling back to default profiles: default
2022-01-12 03:17:11.865  INFO 81803 --- [    Test worker] o.s.b.t.m.w.SpringBootMockServletContext : Initializing Spring TestDispatcherServlet ''
2022-01-12 03:17:11.865  INFO 81803 --- [    Test worker] o.s.t.web.servlet.TestDispatcherServlet  : Initializing Servlet ''
2022-01-12 03:17:11.865  INFO 81803 --- [    Test worker] o.s.t.web.servlet.TestDispatcherServlet  : Completed initialization in 0 ms
2022-01-12 03:17:11.890  INFO 81803 --- [    Test worker] c.e.f.api.controller.UserControllerTest  : Started UserControllerTest in 0.211 seconds (JVM running for 3.633)
]]></system-out>
  <system-err><![CDATA[]]></system-err>
</testsuite>
