<?xml version="1.0" encoding="UTF-8"?>
<testsuite name="com.example.flights.business.service.AircraftServiceTest" tests="6" skipped="0" failures="0" errors="0" timestamp="2022-01-12T02:17:11" hostname="hlazkyau-ntb.wifi.nat" time="0.037">
  <properties/>
  <testcase name="addAircraft()" classname="com.example.flights.business.service.AircraftServiceTest" time="0.011"/>
  <testcase name="updateAircraft()" classname="com.example.flights.business.service.AircraftServiceTest" time="0.004"/>
  <testcase name="addAircraftDuplicate()" classname="com.example.flights.business.service.AircraftServiceTest" time="0.003"/>
  <testcase name="chooseAircraft()" classname="com.example.flights.business.service.AircraftServiceTest" time="0.005"/>
  <testcase name="getAircraft()" classname="com.example.flights.business.service.AircraftServiceTest" time="0.003"/>
  <testcase name="deleteAircraft()" classname="com.example.flights.business.service.AircraftServiceTest" time="0.003"/>
  <system-out><![CDATA[2022-01-12 03:17:11.333  INFO 81803 --- [    Test worker] .b.t.c.SpringBootTestContextBootstrapper : Neither @ContextConfiguration nor @ContextHierarchy found for test class [com.example.flights.business.service.AircraftServiceTest], using SpringBootContextLoader
2022-01-12 03:17:11.339  INFO 81803 --- [    Test worker] o.s.t.c.support.AbstractContextLoader    : Could not detect default resource locations for test class [com.example.flights.business.service.AircraftServiceTest]: no resource found for suffixes {-context.xml, Context.groovy}.
2022-01-12 03:17:11.344  INFO 81803 --- [    Test worker] .b.t.c.SpringBootTestContextBootstrapper : Loaded default TestExecutionListener class names from location [META-INF/spring.factories]: [org.springframework.boot.test.autoconfigure.restdocs.RestDocsTestExecutionListener, org.springframework.boot.test.autoconfigure.web.client.MockRestServiceServerResetTestExecutionListener, org.springframework.boot.test.autoconfigure.web.servlet.MockMvcPrintOnlyOnFailureTestExecutionListener, org.springframework.boot.test.autoconfigure.web.servlet.WebDriverTestExecutionListener, org.springframework.boot.test.autoconfigure.webservices.client.MockWebServiceServerTestExecutionListener, org.springframework.boot.test.mock.mockito.MockitoTestExecutionListener, org.springframework.boot.test.mock.mockito.ResetMocksTestExecutionListener, org.springframework.test.context.web.ServletTestExecutionListener, org.springframework.test.context.support.DirtiesContextBeforeModesTestExecutionListener, org.springframework.test.context.event.ApplicationEventsTestExecutionListener, org.springframework.test.context.support.DependencyInjectionTestExecutionListener, org.springframework.test.context.support.DirtiesContextTestExecutionListener, org.springframework.test.context.transaction.TransactionalTestExecutionListener, org.springframework.test.context.jdbc.SqlScriptsTestExecutionListener, org.springframework.test.context.event.EventPublishingTestExecutionListener]
2022-01-12 03:17:11.346  INFO 81803 --- [    Test worker] .b.t.c.SpringBootTestContextBootstrapper : Using TestExecutionListeners: [org.springframework.test.context.web.ServletTestExecutionListener@58d4238e, org.springframework.test.context.support.DirtiesContextBeforeModesTestExecutionListener@72a8361b, org.springframework.test.context.event.ApplicationEventsTestExecutionListener@36478bce, org.springframework.boot.test.mock.mockito.MockitoTestExecutionListener@c48b543, org.springframework.boot.test.autoconfigure.SpringBootDependencyInjectionTestExecutionListener@75793f17, org.springframework.test.context.support.DirtiesContextTestExecutionListener@4652c74d, org.springframework.test.context.transaction.TransactionalTestExecutionListener@4cc12db2, org.springframework.test.context.jdbc.SqlScriptsTestExecutionListener@5ea7bc4, org.springframework.test.context.event.EventPublishingTestExecutionListener@39d77de9, org.springframework.boot.test.autoconfigure.restdocs.RestDocsTestExecutionListener@696fad31, org.springframework.boot.test.autoconfigure.web.client.MockRestServiceServerResetTestExecutionListener@2c06b113, org.springframework.boot.test.autoconfigure.web.servlet.MockMvcPrintOnlyOnFailureTestExecutionListener@7a64cb0c, org.springframework.boot.test.autoconfigure.web.servlet.WebDriverTestExecutionListener@785ed99c, org.springframework.boot.test.autoconfigure.webservices.client.MockWebServiceServerTestExecutionListener@6c4ce583, org.springframework.boot.test.mock.mockito.ResetMocksTestExecutionListener@755b5f30]

  .   ____          _            __ _ _
 /\\ / ___'_ __ _ _(_)_ __  __ _ \ \ \ \
( ( )\___ | '_ | '_| | '_ \/ _` | \ \ \ \
 \\/  ___)| |_)| | | | | || (_| |  ) ) ) )
  '  |____| .__|_| |_|_| |_\__, | / / / /
 =========|_|==============|___/=/_/_/_/
 :: Spring Boot ::                (v2.5.6)

2022-01-12 03:17:11.378  INFO 81803 --- [    Test worker] c.e.f.b.service.AircraftServiceTest      : Starting AircraftServiceTest using Java 16.0.2 on hlazkyau-ntb.wifi.nat with PID 81803 (started by yauhenihlazkou in /Users/yauhenihlazkou/IdeaProjects/bi-tjv)
2022-01-12 03:17:11.380  INFO 81803 --- [    Test worker] c.e.f.b.service.AircraftServiceTest      : No active profile set, falling back to default profiles: default
2022-01-12 03:17:11.451  INFO 81803 --- [    Test worker] c.e.f.b.service.AircraftServiceTest      : Started AircraftServiceTest in 0.101 seconds (JVM running for 3.194)
]]></system-out>
  <system-err><![CDATA[]]></system-err>
</testsuite>
