<?xml version="1.0" encoding="UTF-8"?>
<testsuite name="com.example.flights.api.controller.AircraftControllerTest" tests="5" skipped="0" failures="0" errors="0" timestamp="2022-01-12T02:17:12" hostname="hlazkyau-ntb.wifi.nat" time="0.033">
  <properties/>
  <testcase name="addAircraft()" classname="com.example.flights.api.controller.AircraftControllerTest" time="0.008"/>
  <testcase name="updateAircraftInformation()" classname="com.example.flights.api.controller.AircraftControllerTest" time="0.004"/>
  <testcase name="deleteFlight()" classname="com.example.flights.api.controller.AircraftControllerTest" time="0.004"/>
  <testcase name="getFlight()" classname="com.example.flights.api.controller.AircraftControllerTest" time="0.006"/>
  <testcase name="chooseAircraftToFligt()" classname="com.example.flights.api.controller.AircraftControllerTest" time="0.006"/>
  <system-out><![CDATA[2022-01-12 03:17:11.947  INFO 81803 --- [    Test worker] .b.t.c.SpringBootTestContextBootstrapper : Neither @ContextConfiguration nor @ContextHierarchy found for test class [com.example.flights.api.controller.AircraftControllerTest], using SpringBootContextLoader
2022-01-12 03:17:11.949  INFO 81803 --- [    Test worker] o.s.t.c.support.AbstractContextLoader    : Could not detect default resource locations for test class [com.example.flights.api.controller.AircraftControllerTest]: no resource found for suffixes {-context.xml, Context.groovy}.
2022-01-12 03:17:11.953  INFO 81803 --- [    Test worker] .b.t.c.SpringBootTestContextBootstrapper : Loaded default TestExecutionListener class names from location [META-INF/spring.factories]: [org.springframework.boot.test.autoconfigure.restdocs.RestDocsTestExecutionListener, org.springframework.boot.test.autoconfigure.web.client.MockRestServiceServerResetTestExecutionListener, org.springframework.boot.test.autoconfigure.web.servlet.MockMvcPrintOnlyOnFailureTestExecutionListener, org.springframework.boot.test.autoconfigure.web.servlet.WebDriverTestExecutionListener, org.springframework.boot.test.autoconfigure.webservices.client.MockWebServiceServerTestExecutionListener, org.springframework.boot.test.mock.mockito.MockitoTestExecutionListener, org.springframework.boot.test.mock.mockito.ResetMocksTestExecutionListener, org.springframework.test.context.web.ServletTestExecutionListener, org.springframework.test.context.support.DirtiesContextBeforeModesTestExecutionListener, org.springframework.test.context.event.ApplicationEventsTestExecutionListener, org.springframework.test.context.support.DependencyInjectionTestExecutionListener, org.springframework.test.context.support.DirtiesContextTestExecutionListener, org.springframework.test.context.transaction.TransactionalTestExecutionListener, org.springframework.test.context.jdbc.SqlScriptsTestExecutionListener, org.springframework.test.context.event.EventPublishingTestExecutionListener]
2022-01-12 03:17:11.954  INFO 81803 --- [    Test worker] .b.t.c.SpringBootTestContextBootstrapper : Using TestExecutionListeners: [org.springframework.test.context.web.ServletTestExecutionListener@13ca16bf, org.springframework.test.context.support.DirtiesContextBeforeModesTestExecutionListener@5be4be74, org.springframework.test.context.event.ApplicationEventsTestExecutionListener@44641d6c, org.springframework.boot.test.mock.mockito.MockitoTestExecutionListener@1ae924f1, org.springframework.boot.test.autoconfigure.SpringBootDependencyInjectionTestExecutionListener@59d5a6fd, org.springframework.test.context.support.DirtiesContextTestExecutionListener@27bcb4ad, org.springframework.test.context.transaction.TransactionalTestExecutionListener@4357524b, org.springframework.test.context.jdbc.SqlScriptsTestExecutionListener@104a287c, org.springframework.test.context.event.EventPublishingTestExecutionListener@64dc86c6, org.springframework.boot.test.autoconfigure.restdocs.RestDocsTestExecutionListener@26874f2c, org.springframework.boot.test.autoconfigure.web.client.MockRestServiceServerResetTestExecutionListener@5f3b84bd, org.springframework.boot.test.autoconfigure.web.servlet.MockMvcPrintOnlyOnFailureTestExecutionListener@1e734eee, org.springframework.boot.test.autoconfigure.web.servlet.WebDriverTestExecutionListener@1e191150, org.springframework.boot.test.autoconfigure.webservices.client.MockWebServiceServerTestExecutionListener@2fbd390, org.springframework.boot.test.mock.mockito.ResetMocksTestExecutionListener@166b11e]

  .   ____          _            __ _ _
 /\\ / ___'_ __ _ _(_)_ __  __ _ \ \ \ \
( ( )\___ | '_ | '_| | '_ \/ _` | \ \ \ \
 \\/  ___)| |_)| | | | | || (_| |  ) ) ) )
  '  |____| .__|_| |_|_| |_\__, | / / / /
 =========|_|==============|___/=/_/_/_/
 :: Spring Boot ::                (v2.5.6)

2022-01-12 03:17:11.976  INFO 81803 --- [    Test worker] c.e.f.a.c.AircraftControllerTest         : Starting AircraftControllerTest using Java 16.0.2 on hlazkyau-ntb.wifi.nat with PID 81803 (started by yauhenihlazkou in /Users/yauhenihlazkou/IdeaProjects/bi-tjv)
2022-01-12 03:17:11.977  INFO 81803 --- [    Test worker] c.e.f.a.c.AircraftControllerTest         : No active profile set, falling back to default profiles: default
2022-01-12 03:17:12.117  INFO 81803 --- [    Test worker] o.s.b.t.m.w.SpringBootMockServletContext : Initializing Spring TestDispatcherServlet ''
2022-01-12 03:17:12.117  INFO 81803 --- [    Test worker] o.s.t.web.servlet.TestDispatcherServlet  : Initializing Servlet ''
2022-01-12 03:17:12.118  INFO 81803 --- [    Test worker] o.s.t.web.servlet.TestDispatcherServlet  : Completed initialization in 1 ms
2022-01-12 03:17:12.129  INFO 81803 --- [    Test worker] c.e.f.a.c.AircraftControllerTest         : Started AircraftControllerTest in 0.172 seconds (JVM running for 3.872)
]]></system-out>
  <system-err><![CDATA[]]></system-err>
</testsuite>
